<?xml version="1.0" encoding="UTF-8"?>
<testng-results ignored="0" total="1" passed="0" failed="1" skipped="0">
  <reporter-output>
    <line>
      <![CDATA[database connection successful]]>
    </line>
    <line>
      <![CDATA[browser launched successfully]]>
    </line>
    <line>
      <![CDATA[login successful]]>
    </line>
    <line>
      <![CDATA[contact is created]]>
    </line>
    <line>
      <![CDATA[logout successful]]>
    </line>
    <line>
      <![CDATA[browser exit successful]]>
    </line>
    <line>
      <![CDATA[database close successful]]>
    </line>
  </reporter-output>
  <suite started-at="2022-03-17T10:18:07 IST" name="Default suite" finished-at="2022-03-17T10:18:57 IST" duration-ms="49637">
    <groups>
      <group name="regressionSuite">
        <method signature="CreateOrgIndTypeAccTypeTestNGTest.createOrgIndTypeAccTypeTestNGTest()[pri:0, instance:com.crm.PRACTICE.CreateOrgIndTypeAccTypeTestNGTest@5b03b9fe]" name="createOrgIndTypeAccTypeTestNGTest" class="com.crm.PRACTICE.CreateOrgIndTypeAccTypeTestNGTest"/>
      </group> <!-- regressionSuite -->
    </groups>
    <test started-at="2022-03-17T10:18:07 IST" name="Default test" finished-at="2022-03-17T10:18:57 IST" duration-ms="49637">
      <class name="com.crm.PRACTICE.CreateOrgIndTypeAccTypeTestNGTest">
        <test-method is-config="true" signature="connectDataBase()[pri:0, instance:com.crm.PRACTICE.CreateOrgIndTypeAccTypeTestNGTest@5b03b9fe]" started-at="2022-03-17T10:18:07 IST" name="connectDataBase" finished-at="2022-03-17T10:18:07 IST" duration-ms="10" status="PASS">
          <reporter-output>
            <line>
              <![CDATA[database connection successful]]>
            </line>
          </reporter-output>
        </test-method> <!-- connectDataBase -->
        <test-method is-config="true" signature="parallelexecution()[pri:0, instance:com.crm.PRACTICE.CreateOrgIndTypeAccTypeTestNGTest@5b03b9fe]" started-at="2022-03-17T10:18:08 IST" name="parallelexecution" finished-at="2022-03-17T10:18:08 IST" duration-ms="0" status="PASS">
          <reporter-output>
          </reporter-output>
        </test-method> <!-- parallelexecution -->
        <test-method is-config="true" signature="launchTheBrowser()[pri:0, instance:com.crm.PRACTICE.CreateOrgIndTypeAccTypeTestNGTest@5b03b9fe]" started-at="2022-03-17T10:18:08 IST" name="launchTheBrowser" finished-at="2022-03-17T10:18:23 IST" duration-ms="14421" status="PASS">
          <reporter-output>
            <line>
              <![CDATA[browser launched successfully]]>
            </line>
          </reporter-output>
        </test-method> <!-- launchTheBrowser -->
        <test-method is-config="true" signature="login()[pri:0, instance:com.crm.PRACTICE.CreateOrgIndTypeAccTypeTestNGTest@5b03b9fe]" started-at="2022-03-17T10:18:23 IST" name="login" finished-at="2022-03-17T10:18:35 IST" duration-ms="12536" status="PASS">
          <reporter-output>
            <line>
              <![CDATA[login successful]]>
            </line>
          </reporter-output>
        </test-method> <!-- login -->
        <test-method signature="createOrgIndTypeAccTypeTestNGTest()[pri:0, instance:com.crm.PRACTICE.CreateOrgIndTypeAccTypeTestNGTest@5b03b9fe]" started-at="2022-03-17T10:18:35 IST" name="createOrgIndTypeAccTypeTestNGTest" finished-at="2022-03-17T10:18:52 IST" duration-ms="16497" status="FAIL">
          <exception class="java.lang.AssertionError">
            <message>
              <![CDATA[null]]>
            </message>
            <full-stacktrace>
              <![CDATA[java.lang.AssertionError: null
at org.testng.Assert.fail(Assert.java:99)
at org.testng.Assert.fail(Assert.java:106)
at com.crm.PRACTICE.CreateOrgIndTypeAccTypeTestNGTest.createOrgIndTypeAccTypeTestNGTest(CreateOrgIndTypeAccTypeTestNGTest.java:39)
at java.base/jdk.internal.reflect.NativeMethodAccessorImpl.invoke0(Native Method)
at java.base/jdk.internal.reflect.NativeMethodAccessorImpl.invoke(NativeMethodAccessorImpl.java:64)
at java.base/jdk.internal.reflect.DelegatingMethodAccessorImpl.invoke(DelegatingMethodAccessorImpl.java:43)
at java.base/java.lang.reflect.Method.invoke(Method.java:564)
at org.testng.internal.MethodInvocationHelper.invokeMethod(MethodInvocationHelper.java:133)
at org.testng.internal.TestInvoker.invokeMethod(TestInvoker.java:598)
at org.testng.internal.TestInvoker.invokeTestMethod(TestInvoker.java:173)
at org.testng.internal.MethodRunner.runInSequence(MethodRunner.java:46)
at org.testng.internal.TestInvoker$MethodInvocationAgent.invoke(TestInvoker.java:824)
at org.testng.internal.TestInvoker.invokeTestMethods(TestInvoker.java:146)
at org.testng.internal.TestMethodWorker.invokeTestMethods(TestMethodWorker.java:146)
at org.testng.internal.TestMethodWorker.run(TestMethodWorker.java:128)
at java.base/java.util.ArrayList.forEach(ArrayList.java:1511)
at org.testng.TestRunner.privateRun(TestRunner.java:794)
at org.testng.TestRunner.run(TestRunner.java:596)
at org.testng.SuiteRunner.runTest(SuiteRunner.java:377)
at org.testng.SuiteRunner.runSequentially(SuiteRunner.java:371)
at org.testng.SuiteRunner.privateRun(SuiteRunner.java:332)
at org.testng.SuiteRunner.run(SuiteRunner.java:276)
at org.testng.SuiteRunnerWorker.runSuite(SuiteRunnerWorker.java:53)
at org.testng.SuiteRunnerWorker.run(SuiteRunnerWorker.java:96)
at org.testng.TestNG.runSuitesSequentially(TestNG.java:1212)
at org.testng.TestNG.runSuitesLocally(TestNG.java:1134)
at org.testng.TestNG.runSuites(TestNG.java:1063)
at org.testng.TestNG.run(TestNG.java:1031)
at org.testng.remote.AbstractRemoteTestNG.run(AbstractRemoteTestNG.java:115)
at org.testng.remote.RemoteTestNG.initAndRun(RemoteTestNG.java:251)
at org.testng.remote.RemoteTestNG.main(RemoteTestNG.java:77)
]]>
            </full-stacktrace>
          </exception> <!-- java.lang.AssertionError -->
          <reporter-output>
            <line>
              <![CDATA[contact is created]]>
            </line>
          </reporter-output>
        </test-method> <!-- createOrgIndTypeAccTypeTestNGTest -->
        <test-method is-config="true" signature="logout()[pri:0, instance:com.crm.PRACTICE.CreateOrgIndTypeAccTypeTestNGTest@5b03b9fe]" started-at="2022-03-17T10:18:52 IST" name="logout" finished-at="2022-03-17T10:18:55 IST" duration-ms="2461" status="PASS">
          <reporter-output>
            <line>
              <![CDATA[logout successful]]>
            </line>
          </reporter-output>
        </test-method> <!-- logout -->
        <test-method is-config="true" signature="closeBrowser()[pri:0, instance:com.crm.PRACTICE.CreateOrgIndTypeAccTypeTestNGTest@5b03b9fe]" started-at="2022-03-17T10:18:55 IST" name="closeBrowser" finished-at="2022-03-17T10:18:57 IST" duration-ms="2491" status="PASS">
          <reporter-output>
            <line>
              <![CDATA[browser exit successful]]>
            </line>
          </reporter-output>
        </test-method> <!-- closeBrowser -->
        <test-method is-config="true" signature="parallelexecutionend()[pri:0, instance:com.crm.PRACTICE.CreateOrgIndTypeAccTypeTestNGTest@5b03b9fe]" started-at="2022-03-17T10:18:57 IST" name="parallelexecutionend" finished-at="2022-03-17T10:18:57 IST" duration-ms="1" status="PASS">
          <reporter-output>
          </reporter-output>
        </test-method> <!-- parallelexecutionend -->
        <test-method is-config="true" signature="closeDB()[pri:0, instance:com.crm.PRACTICE.CreateOrgIndTypeAccTypeTestNGTest@5b03b9fe]" started-at="2022-03-17T10:19:00 IST" name="closeDB" finished-at="2022-03-17T10:19:00 IST" duration-ms="1" status="PASS">
          <reporter-output>
            <line>
              <![CDATA[database close successful]]>
            </line>
          </reporter-output>
        </test-method> <!-- closeDB -->
      </class> <!-- com.crm.PRACTICE.CreateOrgIndTypeAccTypeTestNGTest -->
    </test> <!-- Default test -->
  </suite> <!-- Default suite -->
</testng-results>
